<?xml version="1.0" encoding="UTF-8"?>
<!-- Generated by org.testng.reporters.JUnitXMLReporter -->
<testsuite ignored="0" hostname="Surya_Shruthi" failures="0" tests="4" name="Default test" time="9.045" errors="0" timestamp="2024-01-29T10:37:46 IST">
  <testcase classname="api.test.UserTests" name="testPostUser" time="3.179"/>
  <testcase classname="api.test.UserTests" name="testGetUserByName" time="1.174"/>
  <testcase classname="api.test.UserTests" name="testUpdateUser" time="2.286"/>
  <testcase classname="api.test.UserTests" name="testDeleteUser" time="1.151"/>
</testsuite> <!-- Default test -->
