<?xml version="1.0" encoding="UTF-8"?>
<!-- Generated by org.testng.reporters.JUnitXMLReporter -->
<testsuite ignored="0" hostname="Surya_Shruthi" failures="0" tests="4" name="PetTests" time="10.165" errors="0" timestamp="2024-01-30T08:10:16 IST">
  <testcase classname="api.test.UserTests2" name="testPostUser" time="3.722"/>
  <testcase classname="api.test.UserTests2" name="testGetUserByName" time="1.236"/>
  <testcase classname="api.test.UserTests2" name="testUpdateUser" time="2.345"/>
  <testcase classname="api.test.UserTests2" name="testDeleteUser" time="1.107"/>
</testsuite> <!-- PetTests -->
