<?xml version="1.0" encoding="UTF-8"?>
<!-- Generated by org.testng.reporters.JUnitXMLReporter -->
<testsuite hostname="Surya_Shruthi" failures="0" tests="4" name="PetTests" time="10.348" errors="0" timestamp="30 Jan 2024 04:13:00 GMT">
  <testcase classname="api.test.UserTests2" name="testPostUser" time="3.622"/>
  <testcase classname="api.test.UserTests2" name="testGetUserByName" time="1.221"/>
  <testcase classname="api.test.UserTests2" name="testUpdateUser" time="2.385"/>
  <testcase classname="api.test.UserTests2" name="testDeleteUser" time="1.136"/>
</testsuite> <!-- PetTests -->
