<?xml version="1.0" encoding="UTF-8"?>
<testng-results total="4" passed="4" failed="0" skipped="0">
  <reporter-output>
  </reporter-output>
  <suite started-at="2024-01-30T04:12:50Z" name="Suite" finished-at="2024-01-30T04:13:00Z" duration-ms="10348">
    <groups>
    </groups>
    <test started-at="2024-01-30T04:12:50Z" name="PetTests" finished-at="2024-01-30T04:13:00Z" duration-ms="10348">
      <class name="api.test.UserTests2">
        <test-method is-config="true" signature="setup()[pri:0, instance:api.test.UserTests2@d771cc9]" started-at="2024-01-30T09:42:50Z" name="setup" finished-at="2024-01-30T09:42:52Z" duration-ms="1449" status="PASS">
          <reporter-output>
          </reporter-output>
        </test-method> <!-- setup -->
        <test-method signature="testPostUser()[pri:1, instance:api.test.UserTests2@d771cc9]" started-at="2024-01-30T09:42:52Z" name="testPostUser" finished-at="2024-01-30T09:42:55Z" duration-ms="3622" status="PASS">
          <reporter-output>
          </reporter-output>
        </test-method> <!-- testPostUser -->
        <test-method signature="testGetUserByName()[pri:2, instance:api.test.UserTests2@d771cc9]" started-at="2024-01-30T09:42:55Z" name="testGetUserByName" finished-at="2024-01-30T09:42:56Z" duration-ms="1221" status="PASS">
          <reporter-output>
          </reporter-output>
        </test-method> <!-- testGetUserByName -->
        <test-method signature="testUpdateUser()[pri:3, instance:api.test.UserTests2@d771cc9]" started-at="2024-01-30T09:42:56Z" name="testUpdateUser" finished-at="2024-01-30T09:42:59Z" duration-ms="2385" status="PASS">
          <reporter-output>
          </reporter-output>
        </test-method> <!-- testUpdateUser -->
        <test-method signature="testDeleteUser()[pri:4, instance:api.test.UserTests2@d771cc9]" started-at="2024-01-30T09:42:59Z" name="testDeleteUser" finished-at="2024-01-30T09:43:00Z" duration-ms="1136" status="PASS">
          <reporter-output>
          </reporter-output>
        </test-method> <!-- testDeleteUser -->
      </class> <!-- api.test.UserTests2 -->
    </test> <!-- PetTests -->
  </suite> <!-- Suite -->
</testng-results>
