<?xml version="1.0" encoding="UTF-8"?>
<testng-results ignored="0" total="4" passed="4" failed="0" skipped="0">
  <reporter-output>
  </reporter-output>
  <suite started-at="2024-01-30T08:10:05 IST" name="Suite" finished-at="2024-01-30T08:10:15 IST" duration-ms="10165">
    <groups>
    </groups>
    <test started-at="2024-01-30T08:10:05 IST" name="PetTests" finished-at="2024-01-30T08:10:15 IST" duration-ms="10165">
      <class name="api.test.UserTests2">
        <test-method is-config="true" signature="setup()[pri:0, instance:api.test.UserTests2@7ac296f6]" started-at="2024-01-30T08:10:05 IST" name="setup" finished-at="2024-01-30T08:10:07 IST" duration-ms="1187" status="PASS">
          <reporter-output>
          </reporter-output>
        </test-method> <!-- setup -->
        <test-method signature="testPostUser()[pri:1, instance:api.test.UserTests2@7ac296f6]" started-at="2024-01-30T08:10:07 IST" name="testPostUser" finished-at="2024-01-30T08:10:10 IST" duration-ms="3722" status="PASS">
          <reporter-output>
          </reporter-output>
        </test-method> <!-- testPostUser -->
        <test-method signature="testGetUserByName()[pri:2, instance:api.test.UserTests2@7ac296f6]" started-at="2024-01-30T08:10:10 IST" name="testGetUserByName" finished-at="2024-01-30T08:10:12 IST" duration-ms="1236" status="PASS">
          <reporter-output>
          </reporter-output>
        </test-method> <!-- testGetUserByName -->
        <test-method signature="testUpdateUser()[pri:3, instance:api.test.UserTests2@7ac296f6]" started-at="2024-01-30T08:10:12 IST" name="testUpdateUser" finished-at="2024-01-30T08:10:14 IST" duration-ms="2345" status="PASS">
          <reporter-output>
          </reporter-output>
        </test-method> <!-- testUpdateUser -->
        <test-method signature="testDeleteUser()[pri:4, instance:api.test.UserTests2@7ac296f6]" started-at="2024-01-30T08:10:14 IST" name="testDeleteUser" finished-at="2024-01-30T08:10:15 IST" duration-ms="1107" status="PASS">
          <reporter-output>
          </reporter-output>
        </test-method> <!-- testDeleteUser -->
      </class> <!-- api.test.UserTests2 -->
    </test> <!-- PetTests -->
  </suite> <!-- Suite -->
</testng-results>
